  Using 'git status' to determine working set for adaptive non-unity build (G:\XRMR\0809clone).
  Building RadiantEditor...
  Using Visual Studio 2019 14.28.29914 toolchain (C:\Program Files (x86)\Microsoft Visual Studio\2019\Community\VC\Tools\MSVC\14.28.29910) and Windows 10.0.18362.0 SDK (C:\Program Files (x86)\Windows Kits\10).
  Distributing 3 actions to XGE
  --------------------Build System Warning---------------------------------------
  License is invalid:
      License information is invalid. Please try reloading your license file using the Coordinator Monitor application on the Coordinator machine, or reinstall IncrediBuild.
      This build will run in standalone mode.
  
  -------------------------------------------------------------------------------
  --------------------Project: Default-------------------------------------------
  UE4Editor-Radiant-0002.lib (0:00.57 at +0:00)
     G:\XRMR\0809clone\Radiant\Intermediate\Build\Win64\UE4Editor\Development\Radiant\UE4Editor-Radiant-0002.lib 라이브러리 및 G:\XRMR\0809clone\Radiant\Intermediate\Build\Win64\UE4Editor\Development\Radiant\UE4Editor-Radiant-0002.exp 개체를 생성하고 있습니다.
  UE4Editor-Radiant-0002.dll (0:02.26 at +0:00)
     G:\XRMR\0809clone\Radiant\Intermediate\Build\Win64\UE4Editor\Development\Radiant\UE4Editor-Radiant-0002.suppressed.lib 라이브러리 및 G:\XRMR\0809clone\Radiant\Intermediate\Build\Win64\UE4Editor\Development\Radiant\UE4Editor-Radiant-0002.suppressed.exp 개체를 생성하고 있습니다.
  RadiantEditor.target (0:00.23 at +0:02)
  ---------------------- Done ----------------------
  
      Rebuild All: 1 succeeded, 0 failed, 0 skipped
  
  1 build system warning(s):
     - License is invalid
  
  Total time in XGE executor: 3.37 seconds
  Total execution time: 4.25 seconds
